2025-06-24 09:34:45 - Starting plugin push script
2025-06-24 09:34:45 - Processing plugin: arp_manager
2025-06-24 09:34:45 - Warning: arp_manager is not a git repository
2025-06-24 09:34:45 - Processing plugin: bandwidth_test
2025-06-24 09:34:45 - Warning: bandwidth_test is not a git repository
2025-06-24 09:34:45 - Processing plugin: dns_lookup
2025-06-24 09:34:45 - Warning: dns_lookup is not a git repository
2025-06-24 09:34:45 - Processing plugin: dns_propagation
2025-06-24 09:34:45 - Warning: dns_propagation is not a git repository
2025-06-24 09:34:45 - Processing plugin: example
2025-06-24 09:34:45 - Warning: example is not a git repository
2025-06-24 09:34:45 - Processing plugin: external_plugin
2025-06-24 09:34:45 - Warning: external_plugin is not a git repository
2025-06-24 09:34:45 - Processing plugin: iperf3
2025-06-24 09:34:45 - Warning: iperf3 is not a git repository
2025-06-24 09:34:45 - Processing plugin: iperf3_server
2025-06-24 09:34:45 - Warning: iperf3_server is not a git repository
2025-06-24 09:34:45 - Processing plugin: mtu_tester
2025-06-24 09:34:45 - Warning: mtu_tester is not a git repository
2025-06-24 09:34:45 - Processing plugin: network_info
2025-06-24 09:34:45 - Warning: network_info is not a git repository
2025-06-24 09:34:45 - Processing plugin: network_latency_heatmap
2025-06-24 09:34:45 - Warning: network_latency_heatmap is not a git repository
2025-06-24 09:34:45 - Processing plugin: network_quality
2025-06-24 09:34:45 - Warning: network_quality is not a git repository
2025-06-24 09:34:45 - Processing plugin: packet_capture
2025-06-24 09:34:45 - Warning: packet_capture is not a git repository
2025-06-24 09:34:45 - Processing plugin: ping
2025-06-24 09:34:45 - Warning: ping is not a git repository
2025-06-24 09:34:45 - Processing plugin: port_scanner
2025-06-24 09:34:45 - Warning: port_scanner is not a git repository
2025-06-24 09:34:45 - Processing plugin: reverse_dns_lookup
2025-06-24 09:34:45 - Warning: reverse_dns_lookup is not a git repository
2025-06-24 09:34:45 - Processing plugin: ssl_checker
2025-06-24 09:34:45 - Warning: ssl_checker is not a git repository
2025-06-24 09:34:45 - Processing plugin: subnet_calculator
2025-06-24 09:34:45 - Warning: subnet_calculator is not a git repository
2025-06-24 09:34:45 - Processing plugin: tc_controller
2025-06-24 09:34:45 - Warning: tc_controller is not a git repository
2025-06-24 09:34:45 - Processing plugin: traceroute
2025-06-24 09:34:45 - Warning: traceroute is not a git repository
2025-06-24 09:34:45 - Processing plugin: wifi_device_locator
2025-06-24 09:34:45 - Warning: wifi_device_locator is not a git repository
2025-06-24 09:34:45 - Processing plugin: wifi_device_proximity
2025-06-24 09:34:45 - Warning: wifi_device_proximity is not a git repository
2025-06-24 09:34:45 - Processing plugin: wifi_scanner
2025-06-24 09:34:45 - Warning: wifi_scanner is not a git repository
2025-06-24 09:34:45 - Summary - Total: 23, Success: 0, Failed: 0, Skipped: 23
